<!-- SF Deployer Named Manifest: test-manifest -->
<!-- Created: 2025-09-02T19:49:45.717Z -->
<!-- Selected Paths: ["/test/force-app/main/default/classes/TestClass.cls"] -->
<?xml version="1.0" encoding="UTF-8"?>
<Package xmlns="http://soap.sforce.com/2006/04/metadata">
  <types>
    <members>TestClass</members>
    <name>ApexClass</name>
  </types>
  <version>60.0</version>
</Package>